<?xml version="1.0" encoding="UTF-8"?>
<!-- Generated by org.testng.reporters.JUnitXMLReporter -->
<testsuite hostname="WIN-2GJTPNPS4P8" ignored="0" name="testTwo" tests="1" failures="1" timestamp="14 Jul 2019 01:37:28 GMT" time="25.124" errors="0">
  <testcase name="test" time="14.005" classname="ilia.BootCamp.Test.Expedia_BookingTest">
    <failure type="java.io.IOException" message="The filename, directory name, or volume label syntax is incorrect">
      <![CDATA[java.io.IOException: The filename, directory name, or volume label syntax is incorrect
at java.io.WinNTFileSystem.canonicalize0(Native Method)
at java.io.WinNTFileSystem.canonicalize(Unknown Source)
at java.io.File.getCanonicalPath(Unknown Source)
at org.apache.commons.io.FileUtils.copyFile(FileUtils.java:1064)
at org.apache.commons.io.FileUtils.copyFile(FileUtils.java:1028)
at ilia.BootCamp.Test.Expedia_BookingTest.Screenshots(Expedia_BookingTest.java:163)
at ilia.BootCamp.Test.Expedia_BookingTest.test(Expedia_BookingTest.java:88)
... Removed 25 stack frames]]>
    </failure>
  </testcase> <!-- test -->
</testsuite> <!-- testTwo -->
